<?xml version="1.0" encoding="UTF-8"?>
<!-- Generated by org.testng.reporters.JUnitXMLReporter -->
<testsuite hostname="DESKTOP-L24670T" ignored="0" name="Command line test" tests="1" failures="0" timestamp="07 Dec 2017 19:38:54 GMT" time="0.786" errors="0">
  <testcase name="@BeforeClass baseBeforeClass" time="0.755" classname="testsWithTestNG.BaseTest">
    <failure type="java.lang.NoSuchMethodError" message="com.google.common.util.concurrent.SimpleTimeLimiter.create(Ljava/util/concurrent/ExecutorService;)Lcom/google/common/util/concurrent/SimpleTimeLimiter;">
      <![CDATA[java.lang.NoSuchMethodError: com.google.common.util.concurrent.SimpleTimeLimiter.create(Ljava/util/concurrent/ExecutorService;)Lcom/google/common/util/concurrent/SimpleTimeLimiter;
	at org.openqa.selenium.net.UrlChecker.<init>(UrlChecker.java:62)
	at org.openqa.selenium.remote.service.DriverService.waitUntilAvailable(DriverService.java:187)
	at org.openqa.selenium.remote.service.DriverService.start(DriverService.java:178)
	at org.openqa.selenium.remote.service.DriverCommandExecutor.execute(DriverCommandExecutor.java:79)
	at org.openqa.selenium.remote.RemoteWebDriver.execute(RemoteWebDriver.java:600)
	at org.openqa.selenium.remote.RemoteWebDriver.startSession(RemoteWebDriver.java:219)
	at org.openqa.selenium.remote.RemoteWebDriver.<init>(RemoteWebDriver.java:142)
	at org.openqa.selenium.chrome.ChromeDriver.<init>(ChromeDriver.java:181)
	at org.openqa.selenium.chrome.ChromeDriver.<init>(ChromeDriver.java:168)
	at org.openqa.selenium.chrome.ChromeDriver.<init>(ChromeDriver.java:123)
	at testsWithTestNG.BaseTest.baseBeforeClass(BaseTest.java:21)
	at org.codehaus.mojo.exec.ExecJavaMojo$1.run(ExecJavaMojo.java:282)
	at java.lang.Thread.run(Thread.java:748)
... Removed 28 stack frames]]>
    </failure>
  </testcase> <!-- @BeforeClass baseBeforeClass -->
  <testcase name="@AfterClass baseAfterClass" time="0.0" classname="testsWithTestNG.BaseTest">
    <skipped/>
  </testcase> <!-- @AfterClass baseAfterClass -->
  <testcase name="assertLogo" time="0.0" classname="testsWithTestNG.BaseTest">
    <skipped/>
  </testcase> <!-- assertLogo -->
</testsuite> <!-- Command line test -->
