<?xml version="1.0" encoding="UTF-8"?>
<testng-results skipped="0" failed="3" ignored="4" total="12" passed="5">
  <reporter-output>
  </reporter-output>
  <suite name="Command line suite" duration-ms="128394" started-at="2017-12-02T03:43:45Z" finished-at="2017-12-02T03:45:53Z">
    <groups>
    </groups>
    <test name="Command line test" duration-ms="128394" started-at="2017-12-02T03:43:45Z" finished-at="2017-12-02T03:45:53Z">
      <class name="Tests.TestRegularUser">
        <test-method status="PASS" signature="baseBeforeClass()[pri:0, instance:Tests.TestRegularUser@60ec77d1]" name="baseBeforeClass" is-config="true" duration-ms="4284" started-at="2017-12-01T19:44:46Z" finished-at="2017-12-01T19:44:50Z">
          <reporter-output>
          </reporter-output>
        </test-method> <!-- baseBeforeClass -->
        <test-method status="FAIL" signature="regUserTest(java.lang.String, java.lang.String)[pri:0, instance:Tests.TestRegularUser@60ec77d1]" name="regUserTest" duration-ms="4864" started-at="2017-12-01T19:44:50Z" data-provider="usernamePasswordRU" finished-at="2017-12-01T19:44:55Z">
          <params>
            <param index="0">
              <value>
                <![CDATA[client4@amail.club]]>
              </value>
            </param>
            <param index="1">
              <value>
                <![CDATA[client4]]>
              </value>
            </param>
          </params>
          <exception class="java.lang.AssertionError">
            <message>
              <![CDATA[expected [true] but found [false]]]>
            </message>
            <full-stacktrace>
              <![CDATA[java.lang.AssertionError: expected [true] but found [false]
	at org.testng.Assert.fail(Assert.java:93)
	at org.testng.Assert.failNotEquals(Assert.java:512)
	at org.testng.Assert.assertTrue(Assert.java:41)
	at org.testng.Assert.assertTrue(Assert.java:51)
	at Tests.TestRegularUser.regUserTest(TestRegularUser.java:24)
	at sun.reflect.NativeMethodAccessorImpl.invoke0(Native Method)
	at sun.reflect.NativeMethodAccessorImpl.invoke(NativeMethodAccessorImpl.java:62)
	at sun.reflect.DelegatingMethodAccessorImpl.invoke(DelegatingMethodAccessorImpl.java:43)
	at java.lang.reflect.Method.invoke(Method.java:498)
	at org.testng.internal.MethodInvocationHelper.invokeMethod(MethodInvocationHelper.java:108)
	at org.testng.internal.Invoker.invokeMethod(Invoker.java:661)
	at org.testng.internal.Invoker.invokeTestMethod(Invoker.java:869)
	at org.testng.internal.Invoker.invokeTestMethods(Invoker.java:1193)
	at org.testng.internal.TestMethodWorker.invokeTestMethods(TestMethodWorker.java:126)
	at org.testng.internal.TestMethodWorker.run(TestMethodWorker.java:109)
	at org.testng.TestRunner.privateRun(TestRunner.java:744)
	at org.testng.TestRunner.run(TestRunner.java:602)
	at org.testng.SuiteRunner.runTest(SuiteRunner.java:380)
	at org.testng.SuiteRunner.runSequentially(SuiteRunner.java:375)
	at org.testng.SuiteRunner.privateRun(SuiteRunner.java:340)
	at org.testng.SuiteRunner.run(SuiteRunner.java:289)
	at org.testng.SuiteRunnerWorker.runSuite(SuiteRunnerWorker.java:52)
	at org.testng.SuiteRunnerWorker.run(SuiteRunnerWorker.java:86)
	at org.testng.TestNG.runSuitesSequentially(TestNG.java:1301)
	at org.testng.TestNG.runSuitesLocally(TestNG.java:1226)
	at org.testng.TestNG.runSuites(TestNG.java:1144)
	at org.testng.TestNG.run(TestNG.java:1115)
	at org.testng.TestNG.privateMain(TestNG.java:1442)
	at org.testng.TestNG.main(TestNG.java:1411)
	at sun.reflect.NativeMethodAccessorImpl.invoke0(Native Method)
	at sun.reflect.NativeMethodAccessorImpl.invoke(NativeMethodAccessorImpl.java:62)
	at sun.reflect.DelegatingMethodAccessorImpl.invoke(DelegatingMethodAccessorImpl.java:43)
	at java.lang.reflect.Method.invoke(Method.java:498)
	at org.codehaus.mojo.exec.ExecJavaMojo$1.run(ExecJavaMojo.java:282)
	at java.lang.Thread.run(Thread.java:748)
]]>
            </full-stacktrace>
          </exception> <!-- java.lang.AssertionError -->
          <reporter-output>
          </reporter-output>
        </test-method> <!-- regUserTest -->
        <test-method status="PASS" signature="baseAfterClass()[pri:0, instance:Tests.TestRegularUser@60ec77d1]" name="baseAfterClass" is-config="true" duration-ms="797" started-at="2017-12-01T19:44:55Z" finished-at="2017-12-01T19:44:56Z">
          <reporter-output>
          </reporter-output>
        </test-method> <!-- baseAfterClass -->
      </class> <!-- Tests.TestRegularUser -->
      <class name="Tests.TestOpenProfilePanel">
        <test-method status="PASS" signature="baseBeforeClass()[pri:0, instance:Tests.TestOpenProfilePanel@66f87548]" name="baseBeforeClass" is-config="true" duration-ms="3745" started-at="2017-12-01T19:44:56Z" finished-at="2017-12-01T19:44:59Z">
          <reporter-output>
          </reporter-output>
        </test-method> <!-- baseBeforeClass -->
        <test-method status="PASS" signature="testLogin(java.lang.String, java.lang.String)[pri:0, instance:Tests.TestOpenProfilePanel@66f87548]" name="testLogin" duration-ms="6001" started-at="2017-12-01T19:44:59Z" data-provider="usernamePassword" finished-at="2017-12-01T19:45:05Z">
          <params>
            <param index="0">
              <value>
                <![CDATA[buquxahu@cars2.club]]>
              </value>
            </param>
            <param index="1">
              <value>
                <![CDATA[kisulea]]>
              </value>
            </param>
          </params>
          <reporter-output>
          </reporter-output>
        </test-method> <!-- testLogin -->
        <test-method status="PASS" signature="testIconsChangeColor()[pri:0, instance:Tests.TestOpenProfilePanel@66f87548]" name="testIconsChangeColor" duration-ms="3172" started-at="2017-12-01T19:45:05Z" depends-on-methods="Tests.LoginTest.testLogin" finished-at="2017-12-01T19:45:09Z">
          <reporter-output>
          </reporter-output>
        </test-method> <!-- testIconsChangeColor -->
        <test-method status="FAIL" signature="testProfilePanelIsVisible()[pri:0, instance:Tests.TestOpenProfilePanel@66f87548]" name="testProfilePanelIsVisible" duration-ms="12575" started-at="2017-12-01T19:45:09Z" depends-on-methods="Tests.LoginTest.testLogin" finished-at="2017-12-01T19:45:21Z">
          <exception class="org.openqa.selenium.TimeoutException">
            <message>
              <![CDATA[Expected condition failed: waiting for visibility of [[ChromeDriver: chrome on XP (e364d9d82237d0d8681577dbfe11f65a)] -> xpath: //nav[@class= 'ng-scope']] (tried for 10 second(s) with 500 MILLISECONDS interval)
Build info: version: '3.7.1', revision: '8a0099a', time: '2017-11-06T21:01:39.354Z'
System info: host: 'DESKTOP-L24670T', ip: '192.168.1.207', os.name: 'Windows 10', os.arch: 'amd64', os.version: '10.0', java.version: '1.8.0_152'
Driver info: org.openqa.selenium.chrome.ChromeDriver
Capabilities {acceptSslCerts: true, applicationCacheEnabled: false, browserConnectionEnabled: false, browserName: chrome, chrome: {chromedriverVersion: 2.30.477700 (0057494ad87321..., userDataDir: C:\Users\mcovi\AppData\Loca...}, cssSelectorsEnabled: true, databaseEnabled: false, handlesAlerts: true, hasTouchScreen: false, javascriptEnabled: true, locationContextEnabled: true, mobileEmulationEnabled: false, nativeEvents: true, networkConnectionEnabled: false, pageLoadStrategy: normal, platform: XP, platformName: XP, rotatable: false, takesHeapSnapshot: true, takesScreenshot: true, unexpectedAlertBehaviour: , unhandledPromptBehavior: , version: 62.0.3202.94, webStorageEnabled: true}
Session ID: e364d9d82237d0d8681577dbfe11f65a]]>
            </message>
            <full-stacktrace>
              <![CDATA[org.openqa.selenium.TimeoutException: Expected condition failed: waiting for visibility of [[ChromeDriver: chrome on XP (e364d9d82237d0d8681577dbfe11f65a)] -> xpath: //nav[@class= 'ng-scope']] (tried for 10 second(s) with 500 MILLISECONDS interval)
Build info: version: '3.7.1', revision: '8a0099a', time: '2017-11-06T21:01:39.354Z'
System info: host: 'DESKTOP-L24670T', ip: '192.168.1.207', os.name: 'Windows 10', os.arch: 'amd64', os.version: '10.0', java.version: '1.8.0_152'
Driver info: org.openqa.selenium.chrome.ChromeDriver
Capabilities {acceptSslCerts: true, applicationCacheEnabled: false, browserConnectionEnabled: false, browserName: chrome, chrome: {chromedriverVersion: 2.30.477700 (0057494ad87321..., userDataDir: C:\Users\mcovi\AppData\Loca...}, cssSelectorsEnabled: true, databaseEnabled: false, handlesAlerts: true, hasTouchScreen: false, javascriptEnabled: true, locationContextEnabled: true, mobileEmulationEnabled: false, nativeEvents: true, networkConnectionEnabled: false, pageLoadStrategy: normal, platform: XP, platformName: XP, rotatable: false, takesHeapSnapshot: true, takesScreenshot: true, unexpectedAlertBehaviour: , unhandledPromptBehavior: , version: 62.0.3202.94, webStorageEnabled: true}
Session ID: e364d9d82237d0d8681577dbfe11f65a
	at org.openqa.selenium.support.ui.WebDriverWait.timeoutException(WebDriverWait.java:82)
	at org.openqa.selenium.support.ui.FluentWait.until(FluentWait.java:231)
	at Pages.ProfilePanelPage.getProfilePanelDisplayed(ProfilePanelPage.java:47)
	at Tests.TestOpenProfilePanel.testProfilePanelIsVisible(TestOpenProfilePanel.java:25)
	at sun.reflect.NativeMethodAccessorImpl.invoke0(Native Method)
	at sun.reflect.NativeMethodAccessorImpl.invoke(NativeMethodAccessorImpl.java:62)
	at sun.reflect.DelegatingMethodAccessorImpl.invoke(DelegatingMethodAccessorImpl.java:43)
	at java.lang.reflect.Method.invoke(Method.java:498)
	at org.testng.internal.MethodInvocationHelper.invokeMethod(MethodInvocationHelper.java:108)
	at org.testng.internal.Invoker.invokeMethod(Invoker.java:661)
	at org.testng.internal.Invoker.invokeTestMethod(Invoker.java:869)
	at org.testng.internal.Invoker.invokeTestMethods(Invoker.java:1193)
	at org.testng.internal.TestMethodWorker.invokeTestMethods(TestMethodWorker.java:126)
	at org.testng.internal.TestMethodWorker.run(TestMethodWorker.java:109)
	at org.testng.TestRunner.privateRun(TestRunner.java:744)
	at org.testng.TestRunner.run(TestRunner.java:602)
	at org.testng.SuiteRunner.runTest(SuiteRunner.java:380)
	at org.testng.SuiteRunner.runSequentially(SuiteRunner.java:375)
	at org.testng.SuiteRunner.privateRun(SuiteRunner.java:340)
	at org.testng.SuiteRunner.run(SuiteRunner.java:289)
	at org.testng.SuiteRunnerWorker.runSuite(SuiteRunnerWorker.java:52)
	at org.testng.SuiteRunnerWorker.run(SuiteRunnerWorker.java:86)
	at org.testng.TestNG.runSuitesSequentially(TestNG.java:1301)
	at org.testng.TestNG.runSuitesLocally(TestNG.java:1226)
	at org.testng.TestNG.runSuites(TestNG.java:1144)
	at org.testng.TestNG.run(TestNG.java:1115)
	at org.testng.TestNG.privateMain(TestNG.java:1442)
	at org.testng.TestNG.main(TestNG.java:1411)
	at sun.reflect.NativeMethodAccessorImpl.invoke0(Native Method)
	at sun.reflect.NativeMethodAccessorImpl.invoke(NativeMethodAccessorImpl.java:62)
	at sun.reflect.DelegatingMethodAccessorImpl.invoke(DelegatingMethodAccessorImpl.java:43)
	at java.lang.reflect.Method.invoke(Method.java:498)
	at org.codehaus.mojo.exec.ExecJavaMojo$1.run(ExecJavaMojo.java:282)
	at java.lang.Thread.run(Thread.java:748)
]]>
            </full-stacktrace>
          </exception> <!-- org.openqa.selenium.TimeoutException -->
          <reporter-output>
          </reporter-output>
        </test-method> <!-- testProfilePanelIsVisible -->
        <test-method status="PASS" signature="baseAfterClass()[pri:0, instance:Tests.TestOpenProfilePanel@66f87548]" name="baseAfterClass" is-config="true" duration-ms="786" started-at="2017-12-01T19:45:21Z" finished-at="2017-12-01T19:45:22Z">
          <reporter-output>
          </reporter-output>
        </test-method> <!-- baseAfterClass -->
      </class> <!-- Tests.TestOpenProfilePanel -->
      <class name="Tests.AddEntityTest">
        <test-method status="PASS" signature="baseBeforeClass()[pri:0, instance:Tests.AddEntityTest@7a8d0b1d]" name="baseBeforeClass" is-config="true" duration-ms="6994" started-at="2017-12-01T19:43:45Z" finished-at="2017-12-01T19:43:52Z">
          <reporter-output>
          </reporter-output>
        </test-method> <!-- baseBeforeClass -->
        <test-method status="PASS" signature="entityBeforeClass()[pri:0, instance:Tests.AddEntityTest@7a8d0b1d]" name="entityBeforeClass" is-config="true" duration-ms="105" started-at="2017-12-01T19:43:52Z" finished-at="2017-12-01T19:43:52Z">
          <reporter-output>
          </reporter-output>
        </test-method> <!-- entityBeforeClass -->
        <test-method status="PASS" signature="testLogin(java.lang.String, java.lang.String)[pri:0, instance:Tests.AddEntityTest@7a8d0b1d]" name="testLogin" duration-ms="6003" started-at="2017-12-01T19:43:52Z" data-provider="usernamePassword" finished-at="2017-12-01T19:43:58Z">
          <params>
            <param index="0">
              <value>
                <![CDATA[buquxahu@cars2.club]]>
              </value>
            </param>
            <param index="1">
              <value>
                <![CDATA[kisulea]]>
              </value>
            </param>
          </params>
          <reporter-output>
          </reporter-output>
        </test-method> <!-- testLogin -->
        <test-method status="FAIL" signature="testAddEntity(java.lang.String, java.lang.String, java.lang.String, java.lang.String, java.lang.String, java.lang.String, java.lang.String, java.lang.String, java.lang.String, java.lang.String)[pri:0, instance:Tests.AddEntityTest@7a8d0b1d]" name="testAddEntity" duration-ms="46853" started-at="2017-12-01T19:43:58Z" data-provider="addEntityInfo" depends-on-methods="Tests.LoginTest.testLogin" finished-at="2017-12-01T19:44:45Z">
          <params>
            <param index="0">
              <value>
                <![CDATA[krtggdyv]]>
              </value>
            </param>
            <param index="1">
              <value>
                <![CDATA[United States]]>
              </value>
            </param>
            <param index="2">
              <value>
                <![CDATA[870 tVgIB Str.]]>
              </value>
            </param>
            <param index="3">
              <value>
                <![CDATA[qcljt]]>
              </value>
            </param>
            <param index="4">
              <value>
                <![CDATA[Vermont]]>
              </value>
            </param>
            <param index="5">
              <value>
                <![CDATA[73442]]>
              </value>
            </param>
            <param index="6">
              <value>
                <![CDATA[6758711212]]>
              </value>
            </param>
            <param index="7">
              <value>
                <![CDATA[HfhgnTYU@cars2.club]]>
              </value>
            </param>
            <param index="8">
              <value>
                <![CDATA[QUWNUrPZ@cars2.club]]>
              </value>
            </param>
            <param index="9">
              <value>
                <![CDATA[iDMdJccV@cars2.club]]>
              </value>
            </param>
          </params>
          <exception class="org.openqa.selenium.NoSuchElementException">
            <message>
              <![CDATA[no such element: Unable to locate element: {"method":"xpath","selector":"//input[@value='Pay with my PayPal account']"}
  (Session info: chrome=62.0.3202.94)
  (Driver info: chromedriver=2.30.477700 (0057494ad8732195794a7b32078424f92a5fce41),platform=Windows NT 10.0.16299 x86_64) (WARNING: The server did not provide any stacktrace information)
Command duration or timeout: 0 milliseconds
For documentation on this error, please visit: http://seleniumhq.org/exceptions/no_such_element.html
Build info: version: '3.7.1', revision: '8a0099a', time: '2017-11-06T21:01:39.354Z'
System info: host: 'DESKTOP-L24670T', ip: '192.168.1.207', os.name: 'Windows 10', os.arch: 'amd64', os.version: '10.0', java.version: '1.8.0_152'
Driver info: org.openqa.selenium.chrome.ChromeDriver
Capabilities {acceptSslCerts: true, applicationCacheEnabled: false, browserConnectionEnabled: false, browserName: chrome, chrome: {chromedriverVersion: 2.30.477700 (0057494ad87321..., userDataDir: C:\Users\mcovi\AppData\Loca...}, cssSelectorsEnabled: true, databaseEnabled: false, handlesAlerts: true, hasTouchScreen: false, javascriptEnabled: true, locationContextEnabled: true, mobileEmulationEnabled: false, nativeEvents: true, networkConnectionEnabled: false, pageLoadStrategy: normal, platform: XP, platformName: XP, rotatable: false, takesHeapSnapshot: true, takesScreenshot: true, unexpectedAlertBehaviour: , unhandledPromptBehavior: , version: 62.0.3202.94, webStorageEnabled: true}
Session ID: 72fd2edf0fcf802923c89e30e530d5ea
*** Element info: {Using=xpath, value=//input[@value='Pay with my PayPal account']}]]>
            </message>
            <full-stacktrace>
              <![CDATA[org.openqa.selenium.NoSuchElementException: no such element: Unable to locate element: {"method":"xpath","selector":"//input[@value='Pay with my PayPal account']"}
  (Session info: chrome=62.0.3202.94)
  (Driver info: chromedriver=2.30.477700 (0057494ad8732195794a7b32078424f92a5fce41),platform=Windows NT 10.0.16299 x86_64) (WARNING: The server did not provide any stacktrace information)
Command duration or timeout: 0 milliseconds
For documentation on this error, please visit: http://seleniumhq.org/exceptions/no_such_element.html
Build info: version: '3.7.1', revision: '8a0099a', time: '2017-11-06T21:01:39.354Z'
System info: host: 'DESKTOP-L24670T', ip: '192.168.1.207', os.name: 'Windows 10', os.arch: 'amd64', os.version: '10.0', java.version: '1.8.0_152'
Driver info: org.openqa.selenium.chrome.ChromeDriver
Capabilities {acceptSslCerts: true, applicationCacheEnabled: false, browserConnectionEnabled: false, browserName: chrome, chrome: {chromedriverVersion: 2.30.477700 (0057494ad87321..., userDataDir: C:\Users\mcovi\AppData\Loca...}, cssSelectorsEnabled: true, databaseEnabled: false, handlesAlerts: true, hasTouchScreen: false, javascriptEnabled: true, locationContextEnabled: true, mobileEmulationEnabled: false, nativeEvents: true, networkConnectionEnabled: false, pageLoadStrategy: normal, platform: XP, platformName: XP, rotatable: false, takesHeapSnapshot: true, takesScreenshot: true, unexpectedAlertBehaviour: , unhandledPromptBehavior: , version: 62.0.3202.94, webStorageEnabled: true}
Session ID: 72fd2edf0fcf802923c89e30e530d5ea
*** Element info: {Using=xpath, value=//input[@value='Pay with my PayPal account']}
	at sun.reflect.NativeConstructorAccessorImpl.newInstance0(Native Method)
	at sun.reflect.NativeConstructorAccessorImpl.newInstance(NativeConstructorAccessorImpl.java:62)
	at sun.reflect.DelegatingConstructorAccessorImpl.newInstance(DelegatingConstructorAccessorImpl.java:45)
	at java.lang.reflect.Constructor.newInstance(Constructor.java:423)
	at org.openqa.selenium.remote.ErrorHandler.createThrowable(ErrorHandler.java:214)
	at org.openqa.selenium.remote.ErrorHandler.throwIfResponseFailed(ErrorHandler.java:166)
	at org.openqa.selenium.remote.http.JsonHttpResponseCodec.reconstructValue(JsonHttpResponseCodec.java:40)
	at org.openqa.selenium.remote.http.AbstractHttpResponseCodec.decode(AbstractHttpResponseCodec.java:80)
	at org.openqa.selenium.remote.http.AbstractHttpResponseCodec.decode(AbstractHttpResponseCodec.java:44)
	at org.openqa.selenium.remote.HttpCommandExecutor.execute(HttpCommandExecutor.java:164)
	at org.openqa.selenium.remote.service.DriverCommandExecutor.execute(DriverCommandExecutor.java:83)
	at org.openqa.selenium.remote.RemoteWebDriver.execute(RemoteWebDriver.java:600)
	at org.openqa.selenium.remote.RemoteWebDriver.findElement(RemoteWebDriver.java:370)
	at org.openqa.selenium.remote.RemoteWebDriver.findElementByXPath(RemoteWebDriver.java:472)
	at org.openqa.selenium.By$ByXPath.findElement(By.java:361)
	at org.openqa.selenium.remote.RemoteWebDriver.findElement(RemoteWebDriver.java:362)
	at Pages.PaypalPage.paypalSwitchAndPay(PaypalPage.java:11)
	at Tests.AddEntityTest.testAddEntity(AddEntityTest.java:44)
	at sun.reflect.NativeMethodAccessorImpl.invoke0(Native Method)
	at sun.reflect.NativeMethodAccessorImpl.invoke(NativeMethodAccessorImpl.java:62)
	at sun.reflect.DelegatingMethodAccessorImpl.invoke(DelegatingMethodAccessorImpl.java:43)
	at java.lang.reflect.Method.invoke(Method.java:498)
	at org.testng.internal.MethodInvocationHelper.invokeMethod(MethodInvocationHelper.java:108)
	at org.testng.internal.Invoker.invokeMethod(Invoker.java:661)
	at org.testng.internal.Invoker.invokeTestMethod(Invoker.java:869)
	at org.testng.internal.Invoker.invokeTestMethods(Invoker.java:1193)
	at org.testng.internal.TestMethodWorker.invokeTestMethods(TestMethodWorker.java:126)
	at org.testng.internal.TestMethodWorker.run(TestMethodWorker.java:109)
	at org.testng.TestRunner.privateRun(TestRunner.java:744)
	at org.testng.TestRunner.run(TestRunner.java:602)
	at org.testng.SuiteRunner.runTest(SuiteRunner.java:380)
	at org.testng.SuiteRunner.runSequentially(SuiteRunner.java:375)
	at org.testng.SuiteRunner.privateRun(SuiteRunner.java:340)
	at org.testng.SuiteRunner.run(SuiteRunner.java:289)
	at org.testng.SuiteRunnerWorker.runSuite(SuiteRunnerWorker.java:52)
	at org.testng.SuiteRunnerWorker.run(SuiteRunnerWorker.java:86)
	at org.testng.TestNG.runSuitesSequentially(TestNG.java:1301)
	at org.testng.TestNG.runSuitesLocally(TestNG.java:1226)
	at org.testng.TestNG.runSuites(TestNG.java:1144)
	at org.testng.TestNG.run(TestNG.java:1115)
	at org.testng.TestNG.privateMain(TestNG.java:1442)
	at org.testng.TestNG.main(TestNG.java:1411)
	at sun.reflect.NativeMethodAccessorImpl.invoke0(Native Method)
	at sun.reflect.NativeMethodAccessorImpl.invoke(NativeMethodAccessorImpl.java:62)
	at sun.reflect.DelegatingMethodAccessorImpl.invoke(DelegatingMethodAccessorImpl.java:43)
	at java.lang.reflect.Method.invoke(Method.java:498)
	at org.codehaus.mojo.exec.ExecJavaMojo$1.run(ExecJavaMojo.java:282)
	at java.lang.Thread.run(Thread.java:748)
]]>
            </full-stacktrace>
          </exception> <!-- org.openqa.selenium.NoSuchElementException -->
          <reporter-output>
          </reporter-output>
        </test-method> <!-- testAddEntity -->
        <test-method status="PASS" signature="baseAfterClass()[pri:0, instance:Tests.AddEntityTest@7a8d0b1d]" name="baseAfterClass" is-config="true" duration-ms="800" started-at="2017-12-01T19:44:45Z" finished-at="2017-12-01T19:44:46Z">
          <reporter-output>
          </reporter-output>
        </test-method> <!-- baseAfterClass -->
      </class> <!-- Tests.AddEntityTest -->
      <class name="Tests.AddReportTest">
        <test-method status="PASS" signature="baseBeforeClass()[pri:0, instance:Tests.AddReportTest@72ab4f7a]" name="baseBeforeClass" is-config="true" duration-ms="4193" started-at="2017-12-01T19:45:22Z" finished-at="2017-12-01T19:45:26Z">
          <reporter-output>
          </reporter-output>
        </test-method> <!-- baseBeforeClass -->
        <test-method status="PASS" signature="testLogin(java.lang.String, java.lang.String)[pri:0, instance:Tests.AddReportTest@72ab4f7a]" name="testLogin" duration-ms="5871" started-at="2017-12-01T19:45:26Z" data-provider="usernamePassword" finished-at="2017-12-01T19:45:32Z">
          <params>
            <param index="0">
              <value>
                <![CDATA[buquxahu@cars2.club]]>
              </value>
            </param>
            <param index="1">
              <value>
                <![CDATA[kisulea]]>
              </value>
            </param>
          </params>
          <reporter-output>
          </reporter-output>
        </test-method> <!-- testLogin -->
        <test-method status="PASS" signature="testAddReport(java.lang.String, java.lang.String, java.lang.String, java.lang.String, java.lang.String, java.lang.String, java.lang.String, java.lang.String, java.lang.String, java.lang.String, java.lang.String, java.lang.String, java.lang.String, java.lang.String, java.lang.String, java.lang.String, java.lang.String, java.lang.String, java.lang.String, java.lang.String, java.lang.String, java.lang.String, java.lang.String, java.lang.String, java.lang.String, java.lang.String, java.lang.String, java.lang.String, java.lang.String, java.lang.String, java.lang.String, java.lang.String, java.lang.String, java.lang.String, java.lang.String, java.lang.String, java.lang.String, java.lang.String, java.lang.String, java.lang.String, java.lang.String, java.lang.String, java.lang.String, java.lang.String, java.lang.String, java.lang.String, java.lang.String, java.lang.String, java.lang.String, java.lang.String, java.lang.String, java.lang.String)[pri:0, instance:Tests.AddReportTest@72ab4f7a]" name="testAddReport" duration-ms="20548" started-at="2017-12-01T19:45:32Z" data-provider="addReportInfo" depends-on-methods="Tests.LoginTest.testLogin" finished-at="2017-12-01T19:45:53Z">
          <params>
            <param index="0">
              <value>
                <![CDATA[148]]>
              </value>
            </param>
            <param index="1">
              <value>
                <![CDATA[Suspect]]>
              </value>
            </param>
            <param index="2">
              <value>
                <![CDATA[unjpaoi]]>
              </value>
            </param>
            <param index="3">
              <value>
                <![CDATA[eclvuv]]>
              </value>
            </param>
            <param index="4">
              <value>
                <![CDATA[r]]>
              </value>
            </param>
            <param index="5">
              <value>
                <![CDATA[ucl]]>
              </value>
            </param>
            <param index="6">
              <value>
                <![CDATA[04271992]]>
              </value>
            </param>
            <param index="7">
              <value>
                <![CDATA[M]]>
              </value>
            </param>
            <param index="8">
              <value>
                <![CDATA[Unknown]]>
              </value>
            </param>
            <param index="9">
              <value>
                <![CDATA[604]]>
              </value>
            </param>
            <param index="10">
              <value>
                <![CDATA[1500]]>
              </value>
            </param>
            <param index="11">
              <value>
                <![CDATA[BLO]]>
              </value>
            </param>
            <param index="12">
              <value>
                <![CDATA[Short]]>
              </value>
            </param>
            <param index="13">
              <value>
                <![CDATA[Afro]]>
              </value>
            </param>
            <param index="14">
              <value>
                <![CDATA[BLU]]>
              </value>
            </param>
            <param index="15">
              <value>
                <![CDATA[Medium]]>
              </value>
            </param>
            <param index="16">
              <value>
                <![CDATA[Missing]]>
              </value>
            </param>
            <param index="17">
              <value>
                <![CDATA[Right]]>
              </value>
            </param>
            <param index="18">
              <value>
                <![CDATA[English]]>
              </value>
            </param>
            <param index="19">
              <value>
                <![CDATA[060 jfvqdfdp]]>
              </value>
            </param>
            <param index="20">
              <value>
                <![CDATA[US]]>
              </value>
            </param>
            <param index="21">
              <value>
                <![CDATA[btpxs]]>
              </value>
            </param>
            <param index="22">
              <value>
                <![CDATA[NJ]]>
              </value>
            </param>
            <param index="23">
              <value>
                <![CDATA[30638]]>
              </value>
            </param>
            <param index="24">
              <value>
                <![CDATA[3386620549]]>
              </value>
            </param>
            <param index="25">
              <value>
                <![CDATA[ryxRROwL@cars2.club]]>
              </value>
            </param>
            <param index="26">
              <value>
                <![CDATA[572724363]]>
              </value>
            </param>
            <param index="27">
              <value>
                <![CDATA[F255-921-50-094-0]]>
              </value>
            </param>
            <param index="28">
              <value>
                <![CDATA[CA]]>
              </value>
            </param>
            <param index="29">
              <value>
                <![CDATA[RO 29587]]>
              </value>
            </param>
            <param index="30">
              <value>
                <![CDATA[RO]]>
              </value>
            </param>
            <param index="31">
              <value>
                <![CDATA[EAxWCm]]>
              </value>
            </param>
            <param index="32">
              <value>
                <![CDATA[Passport]]>
              </value>
            </param>
            <param index="33">
              <value>
                <![CDATA[broywfjk]]>
              </value>
            </param>
            <param index="34">
              <value>
                <![CDATA[959 kuedrmje]]>
              </value>
            </param>
            <param index="35">
              <value>
                <![CDATA[RtBWz]]>
              </value>
            </param>
            <param index="36">
              <value>
                <![CDATA[CA]]>
              </value>
            </param>
            <param index="37">
              <value>
                <![CDATA[87159]]>
              </value>
            </param>
            <param index="38">
              <value>
                <![CDATA[2833870683]]>
              </value>
            </param>
            <param index="39">
              <value>
                <![CDATA[brgbhzpi]]>
              </value>
            </param>
            <param index="40">
              <value>
                <![CDATA[469 abmerfsn]]>
              </value>
            </param>
            <param index="41">
              <value>
                <![CDATA[cdcLe]]>
              </value>
            </param>
            <param index="42">
              <value>
                <![CDATA[CA]]>
              </value>
            </param>
            <param index="43">
              <value>
                <![CDATA[51685]]>
              </value>
            </param>
            <param index="44">
              <value>
                <![CDATA[9580740589]]>
              </value>
            </param>
            <param index="45">
              <value>
                <![CDATA[rvdwpseo]]>
              </value>
            </param>
            <param index="46">
              <value>
                <![CDATA[kpnrfplq]]>
              </value>
            </param>
            <param index="47">
              <value>
                <![CDATA[591 qnqehbcw]]>
              </value>
            </param>
            <param index="48">
              <value>
                <![CDATA[hsNoo]]>
              </value>
            </param>
            <param index="49">
              <value>
                <![CDATA[NJ]]>
              </value>
            </param>
            <param index="50">
              <value>
                <![CDATA[08214]]>
              </value>
            </param>
            <param index="51">
              <value>
                <![CDATA[7519880225]]>
              </value>
            </param>
          </params>
          <reporter-output>
          </reporter-output>
        </test-method> <!-- testAddReport -->
        <test-method status="PASS" signature="baseAfterClass()[pri:0, instance:Tests.AddReportTest@72ab4f7a]" name="baseAfterClass" is-config="true" duration-ms="774" started-at="2017-12-01T19:45:53Z" finished-at="2017-12-01T19:45:53Z">
          <reporter-output>
          </reporter-output>
        </test-method> <!-- baseAfterClass -->
      </class> <!-- Tests.AddReportTest -->
    </test> <!-- Command line test -->
  </suite> <!-- Command line suite -->
</testng-results>
